help.are
limbo.are
gods.are
cou.are
spaceships.are
ims.are
kames_lookout.are
roshis_island.are
geros_lab.are
south_city.are
bunny_forest.are
rabbit_gang.are
namek.are
sewers.are
bgs.are
north_42_sector.are
satancity.are
soltari_city.are
fake_namek.are
western_desert.are
capsule_corp.are
mount_areukk.are
snake_way.are
megaplex.are
basement.are
dbii.are
western_forest.are
afterlife.are
soltari_desert.are
zetsuei_tomb.are
bndarmada.are
general_access.are
papaya_island.are
dragonballs.are
North_City.are
hammer_mountains.are
yardrat_temple.are
temple_village.are
yardrat_moonbase.are
gkplanet.are
hydia.are
$
